#
# There is insufficient memory for the Java Runtime Environment to continue.
# Native memory allocation (malloc) failed to allocate 1063936 bytes. Error detail: Chunk::new
# Possible reasons:
#   The system is out of physical RAM or swap space
#   This process is running with CompressedOops enabled, and the Java Heap may be blocking the growth of the native heap
# Possible solutions:
#   Reduce memory load on the system
#   Increase physical memory or swap space
#   Check if swap backing store is full
#   Decrease Java heap size (-Xmx/-Xms)
#   Decrease number of Java threads
#   Decrease Java thread stack sizes (-Xss)
#   Set larger code cache with -XX:ReservedCodeCacheSize=
#   JVM is running with Unscaled Compressed Oops mode in which the Java heap is
#     placed in the first 4GB address space. The Java Heap base address is the
#     maximum limit for the native heap growth. Please use -XX:HeapBaseMinAddress
#     to set the Java Heap base and to place the Java Heap above 4GB virtual address.
# This output file may be truncated or incomplete.
#
#  Out of Memory Error (arena.cpp:168), pid=23328, tid=34424
#
# JRE version: OpenJDK Runtime Environment Temurin-21.0.11+10 (21.0.11+10) (build 21.0.11+10-LTS)
# Java VM: OpenJDK 64-Bit Server VM Temurin-21.0.11+10 (21.0.11+10-LTS, mixed mode, sharing, tiered, compressed oops, compressed class ptrs, parallel gc, windows-amd64)
# No core dump will be written. Minidumps are not enabled by default on client versions of Windows
#

---------------  S U M M A R Y ------------

Command Line: --add-modules=ALL-SYSTEM --add-opens=java.base/java.util=ALL-UNNAMED --add-opens=java.base/java.lang=ALL-UNNAMED --add-opens=java.base/sun.nio.fs=ALL-UNNAMED -Declipse.application=org.eclipse.jdt.ls.core.id1 -Dosgi.bundles.defaultStartLevel=4 -Declipse.product=org.eclipse.jdt.ls.core.product -Djava.import.generatesMetadataFilesAtProjectRoot=false -DDetectVMInstallationsJob.disabled=true -Dfile.encoding=utf8 -XX:+UseParallelGC -XX:GCTimeRatio=4 -XX:AdaptiveSizePolicyWeight=90 -Dsun.zip.disableMemoryMapping=true -Xmx2G -Xms100m -Xlog:disable -javaagent:c:\Users\fpt\.vscode\extensions\redhat.java-1.55.0-win32-x64\lombok\lombok-1.18.39-4050.jar -XX:+HeapDumpOnOutOfMemoryError -XX:HeapDumpPath=c:\Users\fpt\AppData\Roaming\Code\User\workspaceStorage\8a591da384f6d013b139f9160bd3ef8f\redhat.java -Daether.dependencyCollector.impl=bf c:\Users\fpt\.vscode\extensions\redhat.java-1.55.0-win32-x64\server\plugins\org.eclipse.equinox.launcher_1.7.200.v20260619-2039.jar -configuration c:\Users\fpt\AppData\Roaming\Code\User\globalStorage\redhat.java\1.55.0\config_win -data c:\Users\fpt\AppData\Roaming\Code\User\workspaceStorage\8a591da384f6d013b139f9160bd3ef8f\redhat.java\jdt_ws --pipe=\\.\pipe\lsp-a3ba9376a97a8462729e441f995731dd-sock

Host: 12th Gen Intel(R) Core(TM) i7-12700H, 20 cores, 15G,  Windows 11 , 64 bit Build 26100 (10.0.26100.8737)
Time: Sat Jul 11 03:51:22 2026 SE Asia Standard Time elapsed time: 36.725453 seconds (0d 0h 0m 36s)

---------------  T H R E A D  ---------------

Current thread (0x0000014e69fedc80):  JavaThread "C2 CompilerThread0" daemon [_thread_in_native, id=34424, stack(0x0000001821f00000,0x0000001822000000) (1024K)]


Current CompileTask:
C2:36725 9788       4       org.eclipse.jdt.internal.compiler.lookup.BinaryTypeBinding::createMethod (1666 bytes)

Stack: [0x0000001821f00000,0x0000001822000000]
Native frames: (J=compiled Java code, j=interpreted, Vv=VM code, C=native code)
V  [jvm.dll+0x6d7e19]
V  [jvm.dll+0x8b5096]
V  [jvm.dll+0x8b764e]
V  [jvm.dll+0x8b7d33]
V  [jvm.dll+0x284596]
V  [jvm.dll+0xc685d]
V  [jvm.dll+0xc6da1]
V  [jvm.dll+0x2fb4ee]
V  [jvm.dll+0x5fe9a4]
V  [jvm.dll+0x255d67]
V  [jvm.dll+0x25612d]
V  [jvm.dll+0x24e6a0]
V  [jvm.dll+0x24bbe6]
V  [jvm.dll+0x1cb4ae]
V  [jvm.dll+0x25baad]
V  [jvm.dll+0x25a03a]
V  [jvm.dll+0x3f868e]
V  [jvm.dll+0x85fb0d]
V  [jvm.dll+0x6d664d]
C  [ucrtbase.dll+0x2cd30]
C  [KERNEL32.DLL+0x2e957]
C  [ntdll.dll+0xaad6c]


---------------  P R O C E S S  ---------------

Threads class SMR info:
_java_thread_list=0x0000014e74df0d50, length=116, elements={
0x0000014e51feb660, 0x0000014e69fb5fd0, 0x0000014e69fb6b00, 0x0000014e69fbc990,
0x0000014e69fe08d0, 0x0000014e69fe35b0, 0x0000014e69fe9cc0, 0x0000014e69fedc80,
0x0000014e69ff4a30, 0x0000014e6a288740, 0x0000014e70090620, 0x0000014e70ad8d70,
0x0000014e7081a000, 0x0000014e708e04f0, 0x0000014e707da9c0, 0x0000014e70dfdaf0,
0x0000014e70f03bc0, 0x0000014e70fa6330, 0x0000014e70f70e80, 0x0000014e70f6e720,
0x0000014e70f6fad0, 0x0000014e70f70160, 0x0000014e70f71ba0, 0x0000014e70f6edb0,
0x0000014e70f6f440, 0x0000014e74d22d20, 0x0000014e74d20c50, 0x0000014e74d205c0,
0x0000014e74d1f8a0, 0x0000014e74d212e0, 0x0000014e74d22000, 0x0000014e74d22690,
0x0000014e74d21970, 0x0000014e74d1ff30, 0x0000014e73e43390, 0x0000014e73e43a20,
0x0000014e73e40c30, 0x0000014e73e412c0, 0x0000014e73e405a0, 0x0000014e73e41950,
0x0000014e73e42d00, 0x0000014e73e41fe0, 0x0000014e73e42670, 0x0000014e710645a0,
0x0000014e71064c30, 0x0000014e710631f0, 0x0000014e71063880, 0x0000014e71062b60,
0x0000014e710617b0, 0x0000014e71063f10, 0x0000014e710652c0, 0x0000014e71061e40,
0x0000014e71065950, 0x0000014e710624d0, 0x0000014e71066670, 0x0000014e71068740,
0x0000014e71065fe0, 0x0000014e71067a20, 0x0000014e71066d00, 0x0000014e71067390,
0x0000014e71068dd0, 0x0000014e710680b0, 0x0000014e7e1785c0, 0x0000014e7e1792e0,
0x0000014e7e178c50, 0x0000014e7e1778a0, 0x0000014e7e175e60, 0x0000014e7e177f30,
0x0000014e7e176b80, 0x0000014e7e177210, 0x0000014e7e1764f0, 0x0000014e7e179970,
0x0000014e7e17ad20, 0x0000014e7e17d480, 0x0000014e7e17a000, 0x0000014e7e17b3b0,
0x0000014e7e17c0d0, 0x0000014e7e17a690, 0x0000014e7e17ba40, 0x0000014e7e17c760,
0x0000014e7e17cdf0, 0x0000014e742700f0, 0x0000014e74270e10, 0x0000014e7426ed40,
0x0000014e7426fa60, 0x0000014e7426e6b0, 0x0000014e742714a0, 0x0000014e7426e020,
0x0000014e74271b30, 0x0000014e74272850, 0x0000014e742721c0, 0x0000014e7426f3d0,
0x0000014e74272ee0, 0x0000014e74273570, 0x0000014e74274920, 0x0000014e74275640,
0x0000014e7420e280, 0x0000014e74210350, 0x0000014e7420e910, 0x0000014e7420fcc0,
0x0000014e742109e0, 0x0000014e7420d560, 0x0000014e74211070, 0x0000014e7420dbf0,
0x0000014e74211700, 0x0000014e74212420, 0x0000014e7420f630, 0x0000014e74211d90,
0x0000014e7420efa0, 0x0000014e742137d0, 0x0000014e74212ab0, 0x0000014e742144f0,
0x0000014e74214b80, 0x0000014e74350b00, 0x0000014e743533e0, 0x0000014e74353ab0
}

Java Threads: ( => current thread )
  0x0000014e51feb660 JavaThread "main"                              [_thread_blocked, id=20288, stack(0x0000001821500000,0x0000001821600000) (1024K)]
  0x0000014e69fb5fd0 JavaThread "Reference Handler"          daemon [_thread_blocked, id=31988, stack(0x0000001821900000,0x0000001821a00000) (1024K)]
  0x0000014e69fb6b00 JavaThread "Finalizer"                  daemon [_thread_blocked, id=15080, stack(0x0000001821a00000,0x0000001821b00000) (1024K)]
  0x0000014e69fbc990 JavaThread "Signal Dispatcher"          daemon [_thread_blocked, id=17260, stack(0x0000001821b00000,0x0000001821c00000) (1024K)]
  0x0000014e69fe08d0 JavaThread "Attach Listener"            daemon [_thread_blocked, id=11008, stack(0x0000001821c00000,0x0000001821d00000) (1024K)]
  0x0000014e69fe35b0 JavaThread "Service Thread"             daemon [_thread_blocked, id=19600, stack(0x0000001821d00000,0x0000001821e00000) (1024K)]
  0x0000014e69fe9cc0 JavaThread "Monitor Deflation Thread"   daemon [_thread_blocked, id=22068, stack(0x0000001821e00000,0x0000001821f00000) (1024K)]
=>0x0000014e69fedc80 JavaThread "C2 CompilerThread0"         daemon [_thread_in_native, id=34424, stack(0x0000001821f00000,0x0000001822000000) (1024K)]
  0x0000014e69ff4a30 JavaThread "C1 CompilerThread0"         daemon [_thread_blocked, id=26984, stack(0x0000001822000000,0x0000001822100000) (1024K)]
  0x0000014e6a288740 JavaThread "Common-Cleaner"             daemon [_thread_blocked, id=15920, stack(0x0000001822300000,0x0000001822400000) (1024K)]
  0x0000014e70090620 JavaThread "Notification Thread"        daemon [_thread_blocked, id=652, stack(0x0000001822600000,0x0000001822700000) (1024K)]
  0x0000014e70ad8d70 JavaThread "Active Thread: Equinox Container: 2d4155f5-a650-4a73-84ba-2839eb98ab48"        [_thread_blocked, id=14600, stack(0x0000001822f00000,0x0000001823000000) (1024K)]
  0x0000014e7081a000 JavaThread "Refresh Thread: Equinox Container: 2d4155f5-a650-4a73-84ba-2839eb98ab48" daemon [_thread_blocked, id=33872, stack(0x0000001823100000,0x0000001823200000) (1024K)]
  0x0000014e708e04f0 JavaThread "Framework Event Dispatcher: Equinox Container: 2d4155f5-a650-4a73-84ba-2839eb98ab48" daemon [_thread_blocked, id=15104, stack(0x0000001823200000,0x0000001823300000) (1024K)]
  0x0000014e707da9c0 JavaThread "Start Level: Equinox Container: 2d4155f5-a650-4a73-84ba-2839eb98ab48" daemon [_thread_blocked, id=35508, stack(0x0000001823300000,0x0000001823400000) (1024K)]
  0x0000014e70dfdaf0 JavaThread "Bundle File Closer"         daemon [_thread_blocked, id=35060, stack(0x0000001823700000,0x0000001823800000) (1024K)]
  0x0000014e70f03bc0 JavaThread "SCR Component Actor"        daemon [_thread_blocked, id=2628, stack(0x0000001822200000,0x0000001822300000) (1024K)]
  0x0000014e70fa6330 JavaThread "Worker-JM"                         [_thread_blocked, id=20096, stack(0x0000001822700000,0x0000001822800000) (1024K)]
  0x0000014e70f70e80 JavaThread "JNA Cleaner"                daemon [_thread_blocked, id=17324, stack(0x0000001822500000,0x0000001822600000) (1024K)]
  0x0000014e70f6e720 JavaThread "Worker-0"                          [_thread_blocked, id=3544, stack(0x0000001823a00000,0x0000001823b00000) (1024K)]
  0x0000014e70f6fad0 JavaThread "Worker-1"                          [_thread_blocked, id=10900, stack(0x0000001823b00000,0x0000001823c00000) (1024K)]
  0x0000014e70f70160 JavaThread "Worker-2"                          [_thread_blocked, id=17712, stack(0x0000001823d00000,0x0000001823e00000) (1024K)]
  0x0000014e70f71ba0 JavaThread "Java indexing"              daemon [_thread_blocked, id=23124, stack(0x0000001824100000,0x0000001824200000) (1024K)]
  0x0000014e70f6edb0 JavaThread "Worker-3"                          [_thread_blocked, id=25412, stack(0x0000001824200000,0x0000001824300000) (1024K)]
  0x0000014e70f6f440 JavaThread "Worker-4: Building"                [_thread_in_native, id=16984, stack(0x0000001824500000,0x0000001824600000) (1024K)]
  0x0000014e74d22d20 JavaThread "Worker-5"                          [_thread_blocked, id=15760, stack(0x0000001824c00000,0x0000001824d00000) (1024K)]
  0x0000014e74d20c50 JavaThread "Thread-1"                   daemon [_thread_in_native, id=5540, stack(0x0000001824d00000,0x0000001824e00000) (1024K)]
  0x0000014e74d205c0 JavaThread "Thread-2"                   daemon [_thread_in_native, id=27888, stack(0x0000001824e00000,0x0000001824f00000) (1024K)]
  0x0000014e74d1f8a0 JavaThread "Thread-3"                   daemon [_thread_in_native, id=20808, stack(0x0000001824f00000,0x0000001825000000) (1024K)]
  0x0000014e74d212e0 JavaThread "Thread-4"                   daemon [_thread_in_native, id=11392, stack(0x0000001825000000,0x0000001825100000) (1024K)]
  0x0000014e74d22000 JavaThread "Thread-5"                   daemon [_thread_in_native, id=23016, stack(0x0000001825100000,0x0000001825200000) (1024K)]
  0x0000014e74d22690 JavaThread "Thread-6"                   daemon [_thread_in_native, id=30440, stack(0x0000001825200000,0x0000001825300000) (1024K)]
  0x0000014e74d21970 JavaThread "Thread-7"                   daemon [_thread_in_native, id=30696, stack(0x0000001825300000,0x0000001825400000) (1024K)]
  0x0000014e74d1ff30 JavaThread "Thread-8"                   daemon [_thread_in_native, id=27128, stack(0x0000001825400000,0x0000001825500000) (1024K)]
  0x0000014e73e43390 JavaThread "Thread-9"                   daemon [_thread_in_native, id=14280, stack(0x0000001825500000,0x0000001825600000) (1024K)]
  0x0000014e73e43a20 JavaThread "Thread-10"                  daemon [_thread_in_native, id=11460, stack(0x0000001825600000,0x0000001825700000) (1024K)]
  0x0000014e73e40c30 JavaThread "Thread-11"                  daemon [_thread_in_native, id=16252, stack(0x0000001825700000,0x0000001825800000) (1024K)]
  0x0000014e73e412c0 JavaThread "Thread-12"                  daemon [_thread_in_native, id=27340, stack(0x0000001825800000,0x0000001825900000) (1024K)]
  0x0000014e73e405a0 JavaThread "Thread-13"                  daemon [_thread_in_native, id=11828, stack(0x0000001825900000,0x0000001825a00000) (1024K)]
  0x0000014e73e41950 JavaThread "Thread-14"                  daemon [_thread_in_native, id=7612, stack(0x0000001825a00000,0x0000001825b00000) (1024K)]
  0x0000014e73e42d00 JavaThread "Thread-15"                  daemon [_thread_in_native, id=21420, stack(0x0000001825b00000,0x0000001825c00000) (1024K)]
  0x0000014e73e41fe0 JavaThread "Thread-16"                  daemon [_thread_in_native, id=1012, stack(0x0000001825c00000,0x0000001825d00000) (1024K)]
  0x0000014e73e42670 JavaThread "Thread-17"                  daemon [_thread_in_native, id=10060, stack(0x0000001825d00000,0x0000001825e00000) (1024K)]
  0x0000014e710645a0 JavaThread "Thread-18"                  daemon [_thread_in_native, id=12948, stack(0x0000001825e00000,0x0000001825f00000) (1024K)]
  0x0000014e71064c30 JavaThread "Thread-19"                  daemon [_thread_in_native, id=8180, stack(0x0000001825f00000,0x0000001826000000) (1024K)]
  0x0000014e710631f0 JavaThread "Thread-20"                  daemon [_thread_in_native, id=21856, stack(0x0000001826000000,0x0000001826100000) (1024K)]
  0x0000014e71063880 JavaThread "Thread-21"                  daemon [_thread_in_native, id=22164, stack(0x0000001826100000,0x0000001826200000) (1024K)]
  0x0000014e71062b60 JavaThread "pool-2-thread-1"                   [_thread_blocked, id=5112, stack(0x0000001826200000,0x0000001826300000) (1024K)]
  0x0000014e710617b0 JavaThread "PatternSearchJob-worker-1"  daemon [_thread_blocked, id=5548, stack(0x0000001826300000,0x0000001826400000) (1024K)]
  0x0000014e71063f10 JavaThread "PatternSearchJob-worker-2"  daemon [_thread_blocked, id=13856, stack(0x0000001826400000,0x0000001826500000) (1024K)]
  0x0000014e710652c0 JavaThread "PatternSearchJob-worker-3"  daemon [_thread_blocked, id=29492, stack(0x0000001826500000,0x0000001826600000) (1024K)]
  0x0000014e71061e40 JavaThread "PatternSearchJob-worker-4"  daemon [_thread_blocked, id=5592, stack(0x0000001826600000,0x0000001826700000) (1024K)]
  0x0000014e71065950 JavaThread "PatternSearchJob-worker-5"  daemon [_thread_blocked, id=10520, stack(0x0000001826700000,0x0000001826800000) (1024K)]
  0x0000014e710624d0 JavaThread "PatternSearchJob-worker-6"  daemon [_thread_blocked, id=28296, stack(0x0000001826800000,0x0000001826900000) (1024K)]
  0x0000014e71066670 JavaThread "PatternSearchJob-worker-7"  daemon [_thread_blocked, id=33068, stack(0x0000001826900000,0x0000001826a00000) (1024K)]
  0x0000014e71068740 JavaThread "PatternSearchJob-worker-8"  daemon [_thread_blocked, id=28732, stack(0x0000001826a00000,0x0000001826b00000) (1024K)]
  0x0000014e71065fe0 JavaThread "PatternSearchJob-worker-9"  daemon [_thread_blocked, id=13620, stack(0x0000001826b00000,0x0000001826c00000) (1024K)]
  0x0000014e71067a20 JavaThread "PatternSearchJob-worker-10" daemon [_thread_blocked, id=1720, stack(0x0000001826c00000,0x0000001826d00000) (1024K)]
  0x0000014e71066d00 JavaThread "PatternSearchJob-worker-11" daemon [_thread_blocked, id=9184, stack(0x0000001826d00000,0x0000001826e00000) (1024K)]
  0x0000014e71067390 JavaThread "PatternSearchJob-worker-12" daemon [_thread_blocked, id=25968, stack(0x0000001826e00000,0x0000001826f00000) (1024K)]
  0x0000014e71068dd0 JavaThread "PatternSearchJob-worker-13" daemon [_thread_blocked, id=29036, stack(0x0000001826f00000,0x0000001827000000) (1024K)]
  0x0000014e710680b0 JavaThread "PatternSearchJob-worker-14" daemon [_thread_blocked, id=17612, stack(0x0000001827000000,0x0000001827100000) (1024K)]
  0x0000014e7e1785c0 JavaThread "PatternSearchJob-worker-15" daemon [_thread_blocked, id=22452, stack(0x0000001827100000,0x0000001827200000) (1024K)]
  0x0000014e7e1792e0 JavaThread "PatternSearchJob-worker-16" daemon [_thread_blocked, id=26320, stack(0x0000001827200000,0x0000001827300000) (1024K)]
  0x0000014e7e178c50 JavaThread "PatternSearchJob-worker-17" daemon [_thread_blocked, id=13744, stack(0x0000001827300000,0x0000001827400000) (1024K)]
  0x0000014e7e1778a0 JavaThread "PatternSearchJob-worker-18" daemon [_thread_blocked, id=22772, stack(0x0000001827400000,0x0000001827500000) (1024K)]
  0x0000014e7e175e60 JavaThread "PatternSearchJob-worker-19" daemon [_thread_blocked, id=22748, stack(0x0000001827500000,0x0000001827600000) (1024K)]
  0x0000014e7e177f30 JavaThread "WorkspaceEventsHandler"            [_thread_blocked, id=17572, stack(0x0000001827600000,0x0000001827700000) (1024K)]
  0x0000014e7e176b80 JavaThread "pool-1-thread-1"                   [_thread_blocked, id=11948, stack(0x0000001827700000,0x0000001827800000) (1024K)]
  0x0000014e7e177210 JavaThread "LocalFile Deleter"          daemon [_thread_blocked, id=33408, stack(0x0000001824300000,0x0000001824400000) (1024K)]
  0x0000014e7e1764f0 JavaThread "LocalFile Deleter"          daemon [_thread_blocked, id=8684, stack(0x0000001824400000,0x0000001824500000) (1024K)]
  0x0000014e7e179970 JavaThread "LocalFile Deleter"          daemon [_thread_blocked, id=29992, stack(0x0000001824600000,0x0000001824700000) (1024K)]
  0x0000014e7e17ad20 JavaThread "LocalFile Deleter"          daemon [_thread_blocked, id=6040, stack(0x0000001824700000,0x0000001824800000) (1024K)]
  0x0000014e7e17d480 JavaThread "LocalFile Deleter"          daemon [_thread_blocked, id=32068, stack(0x0000001824800000,0x0000001824900000) (1024K)]
  0x0000014e7e17a000 JavaThread "LocalFile Deleter"          daemon [_thread_blocked, id=9884, stack(0x0000001827800000,0x0000001827900000) (1024K)]
  0x0000014e7e17b3b0 JavaThread "LocalFile Deleter"          daemon [_thread_blocked, id=26508, stack(0x0000001827900000,0x0000001827a00000) (1024K)]
  0x0000014e7e17c0d0 JavaThread "LocalFile Deleter"          daemon [_thread_blocked, id=32996, stack(0x0000001827a00000,0x0000001827b00000) (1024K)]
  0x0000014e7e17a690 JavaThread "LocalFile Deleter"          daemon [_thread_blocked, id=28760, stack(0x0000001827b00000,0x0000001827c00000) (1024K)]
  0x0000014e7e17ba40 JavaThread "LocalFile Deleter"          daemon [_thread_blocked, id=16980, stack(0x0000001827c00000,0x0000001827d00000) (1024K)]
  0x0000014e7e17c760 JavaThread "Compiler Source File Reader" daemon [_thread_blocked, id=29276, stack(0x0000001827d00000,0x0000001827e00000) (1024K)]
  0x0000014e7e17cdf0 JavaThread "Compiler Source File Reader" daemon [_thread_blocked, id=13512, stack(0x0000001827e00000,0x0000001827f00000) (1024K)]
  0x0000014e742700f0 JavaThread "Compiler Source File Reader" daemon [_thread_blocked, id=23332, stack(0x0000001827f00000,0x0000001828000000) (1024K)]
  0x0000014e74270e10 JavaThread "Compiler Source File Reader" daemon [_thread_blocked, id=6236, stack(0x0000001828000000,0x0000001828100000) (1024K)]
  0x0000014e7426ed40 JavaThread "Compiler Source File Reader" daemon [_thread_blocked, id=29060, stack(0x0000001828100000,0x0000001828200000) (1024K)]
  0x0000014e7426fa60 JavaThread "Compiler Source File Reader" daemon [_thread_blocked, id=18092, stack(0x0000001828200000,0x0000001828300000) (1024K)]
  0x0000014e7426e6b0 JavaThread "Compiler Source File Reader" daemon [_thread_blocked, id=27196, stack(0x0000001828300000,0x0000001828400000) (1024K)]
  0x0000014e742714a0 JavaThread "Compiler Source File Reader" daemon [_thread_blocked, id=5944, stack(0x0000001828400000,0x0000001828500000) (1024K)]
  0x0000014e7426e020 JavaThread "Compiler Source File Reader" daemon [_thread_blocked, id=26676, stack(0x0000001828500000,0x0000001828600000) (1024K)]
  0x0000014e74271b30 JavaThread "Compiler Source File Reader" daemon [_thread_blocked, id=3024, stack(0x0000001828600000,0x0000001828700000) (1024K)]
  0x0000014e74272850 JavaThread "Compiler Source File Reader" daemon [_thread_blocked, id=20800, stack(0x0000001828700000,0x0000001828800000) (1024K)]
  0x0000014e742721c0 JavaThread "Compiler Source File Reader" daemon [_thread_blocked, id=28304, stack(0x0000001828800000,0x0000001828900000) (1024K)]
  0x0000014e7426f3d0 JavaThread "Compiler Source File Reader" daemon [_thread_blocked, id=34220, stack(0x0000001828900000,0x0000001828a00000) (1024K)]
  0x0000014e74272ee0 JavaThread "Compiler Source File Reader" daemon [_thread_blocked, id=32492, stack(0x0000001828a00000,0x0000001828b00000) (1024K)]
  0x0000014e74273570 JavaThread "Compiler Source File Reader" daemon [_thread_blocked, id=31300, stack(0x0000001828b00000,0x0000001828c00000) (1024K)]
  0x0000014e74274920 JavaThread "Compiler Processing Task"   daemon [_thread_blocked, id=32344, stack(0x0000001828f00000,0x0000001829000000) (1024K)]
  0x0000014e74275640 JavaThread "Compiler Class File Writer" daemon [_thread_blocked, id=18556, stack(0x0000001829000000,0x0000001829100000) (1024K)]
  0x0000014e7420e280 JavaThread "Compiler Class File Writer" daemon [_thread_blocked, id=28156, stack(0x0000001829100000,0x0000001829200000) (1024K)]
  0x0000014e74210350 JavaThread "Compiler Class File Writer" daemon [_thread_blocked, id=3160, stack(0x0000001829200000,0x0000001829300000) (1024K)]
  0x0000014e7420e910 JavaThread "Compiler Class File Writer" daemon [_thread_blocked, id=14904, stack(0x0000001829300000,0x0000001829400000) (1024K)]
  0x0000014e7420fcc0 JavaThread "Compiler Class File Writer" daemon [_thread_blocked, id=21292, stack(0x0000001829400000,0x0000001829500000) (1024K)]
  0x0000014e742109e0 JavaThread "Compiler Class File Writer" daemon [_thread_blocked, id=29076, stack(0x0000001829500000,0x0000001829600000) (1024K)]
  0x0000014e7420d560 JavaThread "Compiler Class File Writer" daemon [_thread_blocked, id=13056, stack(0x0000001829600000,0x0000001829700000) (1024K)]
  0x0000014e74211070 JavaThread "Compiler Class File Writer" daemon [_thread_blocked, id=32148, stack(0x0000001829700000,0x0000001829800000) (1024K)]
  0x0000014e7420dbf0 JavaThread "Compiler Class File Writer" daemon [_thread_blocked, id=25644, stack(0x0000001829800000,0x0000001829900000) (1024K)]
  0x0000014e74211700 JavaThread "Compiler Class File Writer" daemon [_thread_blocked, id=8628, stack(0x0000001829900000,0x0000001829a00000) (1024K)]
  0x0000014e74212420 JavaThread "Compiler Class File Writer" daemon [_thread_blocked, id=11752, stack(0x0000001829a00000,0x0000001829b00000) (1024K)]
  0x0000014e7420f630 JavaThread "Compiler Class File Writer" daemon [_thread_blocked, id=34964, stack(0x0000001829b00000,0x0000001829c00000) (1024K)]
  0x0000014e74211d90 JavaThread "Compiler Class File Writer" daemon [_thread_blocked, id=18820, stack(0x0000001829c00000,0x0000001829d00000) (1024K)]
  0x0000014e7420efa0 JavaThread "Compiler Class File Writer" daemon [_thread_blocked, id=3624, stack(0x0000001829d00000,0x0000001829e00000) (1024K)]
  0x0000014e742137d0 JavaThread "Compiler Class File Writer" daemon [_thread_blocked, id=10012, stack(0x0000001829e00000,0x0000001829f00000) (1024K)]
  0x0000014e74212ab0 JavaThread "Compiler Class File Writer" daemon [_thread_blocked, id=28568, stack(0x0000001829f00000,0x000000182a000000) (1024K)]
  0x0000014e742144f0 JavaThread "Compiler Class File Writer" daemon [_thread_blocked, id=16596, stack(0x000000182a000000,0x000000182a100000) (1024K)]
  0x0000014e74214b80 JavaThread "Compiler Class File Writer" daemon [_thread_blocked, id=9820, stack(0x000000182a100000,0x000000182a200000) (1024K)]
  0x0000014e74350b00 JavaThread "C1 CompilerThread1"         daemon [_thread_in_vm, id=7880, stack(0x0000001821200000,0x0000001821300000) (1024K)]
  0x0000014e743533e0 JavaThread "C2 CompilerThread1"         daemon [_thread_in_native, id=11924, stack(0x0000001822100000,0x0000001822200000) (1024K)]
  0x0000014e74353ab0 JavaThread "C2 CompilerThread2"         daemon [_thread_in_native, id=6368, stack(0x0000001822400000,0x0000001822500000) (1024K)]
Total: 116

Other Threads:
  0x0000014e51f84280 VMThread "VM Thread"                           [id=14968, stack(0x0000001821800000,0x0000001821900000) (1024K)]
  0x0000014e51e7ba00 WatcherThread "VM Periodic Task Thread"        [id=13560, stack(0x0000001821700000,0x0000001821800000) (1024K)]
  0x0000014e520094c0 WorkerThread "GC Thread#0"                     [id=22444, stack(0x0000001821600000,0x0000001821700000) (1024K)]
  0x0000014e707fb8e0 WorkerThread "GC Thread#1"                     [id=11504, stack(0x0000001822800000,0x0000001822900000) (1024K)]
  0x0000014e70ab6e40 WorkerThread "GC Thread#2"                     [id=23608, stack(0x0000001822900000,0x0000001822a00000) (1024K)]
  0x0000014e70ab71f0 WorkerThread "GC Thread#3"                     [id=27404, stack(0x0000001822a00000,0x0000001822b00000) (1024K)]
  0x0000014e70ab75a0 WorkerThread "GC Thread#4"                     [id=13848, stack(0x0000001822b00000,0x0000001822c00000) (1024K)]
  0x0000014e707fbc90 WorkerThread "GC Thread#5"                     [id=16976, stack(0x0000001822c00000,0x0000001822d00000) (1024K)]
  0x0000014e707fc040 WorkerThread "GC Thread#6"                     [id=21896, stack(0x0000001822d00000,0x0000001822e00000) (1024K)]
  0x0000014e70ba8700 WorkerThread "GC Thread#7"                     [id=19008, stack(0x0000001823000000,0x0000001823100000) (1024K)]
  0x0000014e71093830 WorkerThread "GC Thread#8"                     [id=14748, stack(0x0000001823400000,0x0000001823500000) (1024K)]
  0x0000014e70ca2dd0 WorkerThread "GC Thread#9"                     [id=19372, stack(0x0000001823500000,0x0000001823600000) (1024K)]
  0x0000014e7078cf20 WorkerThread "GC Thread#10"                    [id=22688, stack(0x0000001823600000,0x0000001823700000) (1024K)]
  0x0000014e70c82970 WorkerThread "GC Thread#11"                    [id=14356, stack(0x0000001822e00000,0x0000001822f00000) (1024K)]
  0x0000014e70c83830 WorkerThread "GC Thread#12"                    [id=24216, stack(0x0000001823800000,0x0000001823900000) (1024K)]
  0x0000014e70c83be0 WorkerThread "GC Thread#13"                    [id=12080, stack(0x0000001823e00000,0x0000001823f00000) (1024K)]
  0x0000014e70c82d20 WorkerThread "GC Thread#14"                    [id=10964, stack(0x0000001823f00000,0x0000001824000000) (1024K)]
Total: 17

Threads with active compile tasks:
C2 CompilerThread0  36772 9788       4       org.eclipse.jdt.internal.compiler.lookup.BinaryTypeBinding::createMethod (1666 bytes)
C2 CompilerThread1  36772 9839       4       org.codehaus.plexus.util.xml.pull.MXParser::parseEndTag (438 bytes)
C2 CompilerThread2  36772 9834       4       sun.nio.cs.StreamDecoder::lockedRead (189 bytes)
Total: 3

VM state: not at safepoint (normal execution)

VM Mutex/Monitor currently owned by a thread: None

Heap address: 0x0000000080000000, size: 2048 MB, Compressed Oops mode: 32-bit

CDS archive(s) mapped at: [0x0000014e00000000-0x0000014e00ba0000-0x0000014e00ba0000), size 12189696, SharedBaseAddress: 0x0000014e00000000, ArchiveRelocationMode: 1.
Compressed class space mapped at: 0x0000014e01000000-0x0000014e41000000, reserved size: 1073741824
Narrow klass base: 0x0000014e00000000, Narrow klass shift: 0, Narrow klass range: 0x100000000

GC Precious Log:
 CardTable entry size: 512
 CPUs: 20 total, 20 available
 Memory: 16088M
 Large Page Support: Disabled
 NUMA Support: Disabled
 Compressed Oops: Enabled (32-bit)
 Alignments: Space 512K, Generation 512K, Heap 2M
 Heap Min Capacity: 100M
 Heap Initial Capacity: 100M
 Heap Max Capacity: 2G
 Pre-touch: Disabled
 Parallel Workers: 15

Heap:
 PSYoungGen      total 19968K, used 15566K [0x00000000d5580000, 0x00000000d6f00000, 0x0000000100000000)
  eden space 14848K, 70% used [0x00000000d5580000,0x00000000d5fc3e90,0x00000000d6400000)
  from space 5120K, 98% used [0x00000000d6400000,0x00000000d68ef9e8,0x00000000d6900000)
  to   space 5632K, 0% used [0x00000000d6980000,0x00000000d6980000,0x00000000d6f00000)
 ParOldGen       total 71168K, used 70795K [0x0000000080000000, 0x0000000084580000, 0x00000000d5580000)
  object space 71168K, 99% used [0x0000000080000000,0x0000000084522e70,0x0000000084580000)
 Metaspace       used 58052K, committed 59520K, reserved 1114112K
  class space    used 6164K, committed 6848K, reserved 1048576K

Card table byte_map: [0x0000014e51990000,0x0000014e51da0000] _byte_map_base: 0x0000014e51590000

Marking Bits: (ParMarkBitMap*) 0x00007ffcdbd84460
 Begin Bits: [0x0000014e644a0000, 0x0000014e664a0000)
 End Bits:   [0x0000014e664a0000, 0x0000014e684a0000)

Polling page: 0x0000014e4fad0000

Metaspace:

Usage:
  Non-class:     50.67 MB used.
      Class:      6.02 MB used.
       Both:     56.69 MB used.

Virtual space:
  Non-class space:       64.00 MB reserved,      51.44 MB ( 80%) committed,  1 nodes.
      Class space:        1.00 GB reserved,       6.69 MB ( <1%) committed,  1 nodes.
             Both:        1.06 GB reserved,      58.12 MB (  5%) committed. 

Chunk freelists:
   Non-Class:  12.14 MB
       Class:  9.29 MB
        Both:  21.43 MB

MaxMetaspaceSize: unlimited
CompressedClassSpaceSize: 1.00 GB
Initial GC threshold: 21.00 MB
Current GC threshold: 58.38 MB
CDS: on
 - commit_granule_bytes: 65536.
 - commit_granule_words: 8192.
 - virtual_space_node_default_size: 8388608.
 - enlarge_chunks_in_place: 1.
 - use_allocation_guard: 0.


Internal statistics:

num_allocs_failed_limit: 12.
num_arena_births: 1144.
num_arena_deaths: 14.
num_vsnodes_births: 2.
num_vsnodes_deaths: 0.
num_space_committed: 930.
num_space_uncommitted: 0.
num_chunks_returned_to_freelist: 26.
num_chunks_taken_from_freelist: 3940.
num_chunk_merges: 18.
num_chunk_splits: 2371.
num_chunks_enlarged: 1244.
num_inconsistent_stats: 0.

CodeHeap 'non-profiled nmethods': size=119168Kb used=5688Kb max_used=5688Kb free=113479Kb
 bounds [0x0000014e5cd90000, 0x0000014e5d320000, 0x0000014e641f0000]
CodeHeap 'profiled nmethods': size=119104Kb used=21462Kb max_used=21462Kb free=97641Kb
 bounds [0x0000014e551f0000, 0x0000014e566f0000, 0x0000014e5c640000]
CodeHeap 'non-nmethods': size=7488Kb used=1966Kb max_used=3226Kb free=5521Kb
 bounds [0x0000014e5c640000, 0x0000014e5c970000, 0x0000014e5cd90000]
CodeCache: size=245760Kb, used=29116Kb, max_used=30376Kb, free=216641Kb
 total_blobs=9978, nmethods=9266, adapters=617, full_count=0
Compilation: enabled, stopped_count=0, restarted_count=0

Compilation events (20 events):
Event: 35.699 Thread 0x0000014e74350b00 9844       3       org.codehaus.plexus.util.xml.pull.MXParser::isWhitespace (115 bytes)
Event: 35.699 Thread 0x0000014e69ff4a30 9845       3       org.eclipse.sisu.plexus.PlexusXmlScanner::parseRequirement (223 bytes)
Event: 35.700 Thread 0x0000014e74350b00 nmethod 9844 0x0000014e566d7b10 code [0x0000014e566d7d40, 0x0000014e566d8520]
Event: 35.700 Thread 0x0000014e74350b00 9846       3       org.eclipse.sisu.plexus.Hints::canonicalHints (72 bytes)
Event: 35.700 Thread 0x0000014e74350b00 nmethod 9846 0x0000014e566d8710 code [0x0000014e566d8980, 0x0000014e566d9410]
Event: 35.700 Thread 0x0000014e74350b00 9847       3       org.eclipse.sisu.plexus.RequirementImpl::<init> (128 bytes)
Event: 35.701 Thread 0x0000014e74350b00 nmethod 9847 0x0000014e566d9710 code [0x0000014e566d9940, 0x0000014e566da340]
Event: 35.702 Thread 0x0000014e69ff4a30 nmethod 9845 0x0000014e566da590 code [0x0000014e566daa20, 0x0000014e566dc5e0]
Event: 35.702 Thread 0x0000014e69ff4a30 9848       3       org.eclipse.sisu.plexus.Hints::isDefaultHint (27 bytes)
Event: 35.702 Thread 0x0000014e69ff4a30 nmethod 9848 0x0000014e566dd110 code [0x0000014e566dd2e0, 0x0000014e566dd5b8]
Event: 35.702 Thread 0x0000014e74350b00 9843       1       org.eclipse.sisu.plexus.PlexusTypeRegistry::getSpace (5 bytes)
Event: 35.702 Thread 0x0000014e74350b00 nmethod 9843 0x0000014e5d317810 code [0x0000014e5d3179a0, 0x0000014e5d317a68]
Event: 35.703 Thread 0x0000014e69ff4a30 9849       3       org.codehaus.plexus.util.xml.pull.MXParser::ensureElementsCapacity (265 bytes)
Event: 35.703 Thread 0x0000014e69ff4a30 nmethod 9849 0x0000014e566dd710 code [0x0000014e566dd960, 0x0000014e566de7d0]
Event: 35.710 Thread 0x0000014e74350b00 9851       3       org.eclipse.sisu.plexus.PlexusXmlMetadata::addIfMissing (40 bytes)
Event: 35.710 Thread 0x0000014e74350b00 nmethod 9851 0x0000014e566dea90 code [0x0000014e566deca0, 0x0000014e566df310]
Event: 35.716 Thread 0x0000014e74353ab0 nmethod 9840 0x0000014e5d317b10 code [0x0000014e5d317d60, 0x0000014e5d318d30]
Event: 35.716 Thread 0x0000014e74353ab0 9834       4       sun.nio.cs.StreamDecoder::lockedRead (189 bytes)
Event: 35.725 Thread 0x0000014e74350b00 9853       3       com.google.inject.internal.ProviderInstanceBindingImpl::<init> (23 bytes)
Event: 35.725 Thread 0x0000014e69ff4a30 9857       3       sun.reflect.misc.ReflectUtil::checkPackageAccess (14 bytes)

GC Heap History (20 events):
Event: 11.240 GC heap before
{Heap before GC invocations=28 (full 2):
 PSYoungGen      total 24576K, used 22176K [0x00000000d5580000, 0x00000000d7300000, 0x0000000100000000)
  eden space 20992K, 100% used [0x00000000d5580000,0x00000000d6a00000,0x00000000d6a00000)
  from space 3584K, 33% used [0x00000000d6d00000,0x00000000d6e28000,0x00000000d7080000)
  to   space 2048K, 0% used [0x00000000d7100000,0x00000000d7100000,0x00000000d7300000)
 ParOldGen       total 68608K, used 50895K [0x0000000080000000, 0x0000000084300000, 0x00000000d5580000)
  object space 68608K, 74% used [0x0000000080000000,0x00000000831b3ef8,0x0000000084300000)
 Metaspace       used 47585K, committed 48768K, reserved 1114112K
  class space    used 5154K, committed 5696K, reserved 1048576K
}
Event: 11.244 GC heap after
{Heap after GC invocations=28 (full 2):
 PSYoungGen      total 22528K, used 1472K [0x00000000d5580000, 0x00000000d7280000, 0x0000000100000000)
  eden space 20992K, 0% used [0x00000000d5580000,0x00000000d5580000,0x00000000d6a00000)
  from space 1536K, 95% used [0x00000000d7100000,0x00000000d7270000,0x00000000d7280000)
  to   space 2048K, 0% used [0x00000000d6e80000,0x00000000d6e80000,0x00000000d7080000)
 ParOldGen       total 68608K, used 51750K [0x0000000080000000, 0x0000000084300000, 0x00000000d5580000)
  object space 68608K, 75% used [0x0000000080000000,0x0000000083289bf8,0x0000000084300000)
 Metaspace       used 47585K, committed 48768K, reserved 1114112K
  class space    used 5154K, committed 5696K, reserved 1048576K
}
Event: 11.704 GC heap before
{Heap before GC invocations=29 (full 2):
 PSYoungGen      total 22528K, used 22464K [0x00000000d5580000, 0x00000000d7280000, 0x0000000100000000)
  eden space 20992K, 100% used [0x00000000d5580000,0x00000000d6a00000,0x00000000d6a00000)
  from space 1536K, 95% used [0x00000000d7100000,0x00000000d7270000,0x00000000d7280000)
  to   space 2048K, 0% used [0x00000000d6e80000,0x00000000d6e80000,0x00000000d7080000)
 ParOldGen       total 68608K, used 51750K [0x0000000080000000, 0x0000000084300000, 0x00000000d5580000)
  object space 68608K, 75% used [0x0000000080000000,0x0000000083289bf8,0x0000000084300000)
 Metaspace       used 50149K, committed 51392K, reserved 1114112K
  class space    used 5423K, committed 5952K, reserved 1048576K
}
Event: 11.708 GC heap after
{Heap after GC invocations=29 (full 2):
 PSYoungGen      total 23040K, used 1611K [0x00000000d5580000, 0x00000000d7180000, 0x0000000100000000)
  eden space 20992K, 0% used [0x00000000d5580000,0x00000000d5580000,0x00000000d6a00000)
  from space 2048K, 78% used [0x00000000d6e80000,0x00000000d7012eb8,0x00000000d7080000)
  to   space 1024K, 0% used [0x00000000d7080000,0x00000000d7080000,0x00000000d7180000)
 ParOldGen       total 68608K, used 52955K [0x0000000080000000, 0x0000000084300000, 0x00000000d5580000)
  object space 68608K, 77% used [0x0000000080000000,0x00000000833b6c08,0x0000000084300000)
 Metaspace       used 50149K, committed 51392K, reserved 1114112K
  class space    used 5423K, committed 5952K, reserved 1048576K
}
Event: 12.262 GC heap before
{Heap before GC invocations=30 (full 2):
 PSYoungGen      total 23040K, used 22603K [0x00000000d5580000, 0x00000000d7180000, 0x0000000100000000)
  eden space 20992K, 100% used [0x00000000d5580000,0x00000000d6a00000,0x00000000d6a00000)
  from space 2048K, 78% used [0x00000000d6e80000,0x00000000d7012eb8,0x00000000d7080000)
  to   space 1024K, 0% used [0x00000000d7080000,0x00000000d7080000,0x00000000d7180000)
 ParOldGen       total 68608K, used 52955K [0x0000000080000000, 0x0000000084300000, 0x00000000d5580000)
  object space 68608K, 77% used [0x0000000080000000,0x00000000833b6c08,0x0000000084300000)
 Metaspace       used 52117K, committed 53376K, reserved 1114112K
  class space    used 5659K, committed 6208K, reserved 1048576K
}
Event: 12.266 GC heap after
{Heap after GC invocations=30 (full 2):
 PSYoungGen      total 22016K, used 1019K [0x00000000d5580000, 0x00000000d7180000, 0x0000000100000000)
  eden space 20992K, 0% used [0x00000000d5580000,0x00000000d5580000,0x00000000d6a00000)
  from space 1024K, 99% used [0x00000000d7080000,0x00000000d717eea8,0x00000000d7180000)
  to   space 2560K, 0% used [0x00000000d6c80000,0x00000000d6c80000,0x00000000d6f00000)
 ParOldGen       total 68608K, used 54166K [0x0000000080000000, 0x0000000084300000, 0x00000000d5580000)
  object space 68608K, 78% used [0x0000000080000000,0x00000000834e59c0,0x0000000084300000)
 Metaspace       used 52117K, committed 53376K, reserved 1114112K
  class space    used 5659K, committed 6208K, reserved 1048576K
}
Event: 12.766 GC heap before
{Heap before GC invocations=31 (full 2):
 PSYoungGen      total 22016K, used 22011K [0x00000000d5580000, 0x00000000d7180000, 0x0000000100000000)
  eden space 20992K, 100% used [0x00000000d5580000,0x00000000d6a00000,0x00000000d6a00000)
  from space 1024K, 99% used [0x00000000d7080000,0x00000000d717eea8,0x00000000d7180000)
  to   space 2560K, 0% used [0x00000000d6c80000,0x00000000d6c80000,0x00000000d6f00000)
 ParOldGen       total 68608K, used 54166K [0x0000000080000000, 0x0000000084300000, 0x00000000d5580000)
  object space 68608K, 78% used [0x0000000080000000,0x00000000834e59c0,0x0000000084300000)
 Metaspace       used 53406K, committed 54720K, reserved 1114112K
  class space    used 5779K, committed 6336K, reserved 1048576K
}
Event: 12.768 GC heap after
{Heap after GC invocations=31 (full 2):
 PSYoungGen      total 23552K, used 576K [0x00000000d5580000, 0x00000000d7100000, 0x0000000100000000)
  eden space 20992K, 0% used [0x00000000d5580000,0x00000000d5580000,0x00000000d6a00000)
  from space 2560K, 22% used [0x00000000d6c80000,0x00000000d6d10000,0x00000000d6f00000)
  to   space 1536K, 0% used [0x00000000d6f80000,0x00000000d6f80000,0x00000000d7100000)
 ParOldGen       total 68608K, used 55040K [0x0000000080000000, 0x0000000084300000, 0x00000000d5580000)
  object space 68608K, 80% used [0x0000000080000000,0x00000000835c01e0,0x0000000084300000)
 Metaspace       used 53406K, committed 54720K, reserved 1114112K
  class space    used 5779K, committed 6336K, reserved 1048576K
}
Event: 21.320 GC heap before
{Heap before GC invocations=32 (full 2):
 PSYoungGen      total 23552K, used 21568K [0x00000000d5580000, 0x00000000d7100000, 0x0000000100000000)
  eden space 20992K, 100% used [0x00000000d5580000,0x00000000d6a00000,0x00000000d6a00000)
  from space 2560K, 22% used [0x00000000d6c80000,0x00000000d6d10000,0x00000000d6f00000)
  to   space 1536K, 0% used [0x00000000d6f80000,0x00000000d6f80000,0x00000000d7100000)
 ParOldGen       total 68608K, used 55040K [0x0000000080000000, 0x0000000084300000, 0x00000000d5580000)
  object space 68608K, 80% used [0x0000000080000000,0x00000000835c01e0,0x0000000084300000)
 Metaspace       used 53895K, committed 55232K, reserved 1114112K
  class space    used 5842K, committed 6464K, reserved 1048576K
}
Event: 21.324 GC heap after
{Heap after GC invocations=32 (full 2):
 PSYoungGen      total 21504K, used 1530K [0x00000000d5580000, 0x00000000d7700000, 0x0000000100000000)
  eden space 19968K, 0% used [0x00000000d5580000,0x00000000d5580000,0x00000000d6900000)
  from space 1536K, 99% used [0x00000000d6f80000,0x00000000d70fe818,0x00000000d7100000)
  to   space 6656K, 0% used [0x00000000d6900000,0x00000000d6900000,0x00000000d6f80000)
 ParOldGen       total 68608K, used 59178K [0x0000000080000000, 0x0000000084300000, 0x00000000d5580000)
  object space 68608K, 86% used [0x0000000080000000,0x00000000839cab88,0x0000000084300000)
 Metaspace       used 53895K, committed 55232K, reserved 1114112K
  class space    used 5842K, committed 6464K, reserved 1048576K
}
Event: 24.026 GC heap before
{Heap before GC invocations=33 (full 2):
 PSYoungGen      total 21504K, used 21498K [0x00000000d5580000, 0x00000000d7700000, 0x0000000100000000)
  eden space 19968K, 100% used [0x00000000d5580000,0x00000000d6900000,0x00000000d6900000)
  from space 1536K, 99% used [0x00000000d6f80000,0x00000000d70fe818,0x00000000d7100000)
  to   space 6656K, 0% used [0x00000000d6900000,0x00000000d6900000,0x00000000d6f80000)
 ParOldGen       total 68608K, used 59178K [0x0000000080000000, 0x0000000084300000, 0x00000000d5580000)
  object space 68608K, 86% used [0x0000000080000000,0x00000000839cab88,0x0000000084300000)
 Metaspace       used 54688K, committed 56064K, reserved 1114112K
  class space    used 5904K, committed 6528K, reserved 1048576K
}
Event: 24.028 GC heap after
{Heap after GC invocations=33 (full 2):
 PSYoungGen      total 22528K, used 2069K [0x00000000d5580000, 0x00000000d7000000, 0x0000000100000000)
  eden space 19968K, 0% used [0x00000000d5580000,0x00000000d5580000,0x00000000d6900000)
  from space 2560K, 80% used [0x00000000d6900000,0x00000000d6b054b0,0x00000000d6b80000)
  to   space 3584K, 0% used [0x00000000d6c80000,0x00000000d6c80000,0x00000000d7000000)
 ParOldGen       total 68608K, used 60742K [0x0000000080000000, 0x0000000084300000, 0x00000000d5580000)
  object space 68608K, 88% used [0x0000000080000000,0x0000000083b518d8,0x0000000084300000)
 Metaspace       used 54688K, committed 56064K, reserved 1114112K
  class space    used 5904K, committed 6528K, reserved 1048576K
}
Event: 24.689 GC heap before
{Heap before GC invocations=34 (full 2):
 PSYoungGen      total 22528K, used 22037K [0x00000000d5580000, 0x00000000d7000000, 0x0000000100000000)
  eden space 19968K, 100% used [0x00000000d5580000,0x00000000d6900000,0x00000000d6900000)
  from space 2560K, 80% used [0x00000000d6900000,0x00000000d6b054b0,0x00000000d6b80000)
  to   space 3584K, 0% used [0x00000000d6c80000,0x00000000d6c80000,0x00000000d7000000)
 ParOldGen       total 68608K, used 60742K [0x0000000080000000, 0x0000000084300000, 0x00000000d5580000)
  object space 68608K, 88% used [0x0000000080000000,0x0000000083b518d8,0x0000000084300000)
 Metaspace       used 55636K, committed 57088K, reserved 1114112K
  class space    used 5985K, committed 6656K, reserved 1048576K
}
Event: 24.694 GC heap after
{Heap after GC invocations=34 (full 2):
 PSYoungGen      total 22528K, used 2110K [0x00000000d5580000, 0x00000000d6f00000, 0x0000000100000000)
  eden space 19968K, 0% used [0x00000000d5580000,0x00000000d5580000,0x00000000d6900000)
  from space 2560K, 82% used [0x00000000d6c80000,0x00000000d6e8f8b8,0x00000000d6f00000)
  to   space 2560K, 0% used [0x00000000d6900000,0x00000000d6900000,0x00000000d6b80000)
 ParOldGen       total 68608K, used 62530K [0x0000000080000000, 0x0000000084300000, 0x00000000d5580000)
  object space 68608K, 91% used [0x0000000080000000,0x0000000083d10940,0x0000000084300000)
 Metaspace       used 55636K, committed 57088K, reserved 1114112K
  class space    used 5985K, committed 6656K, reserved 1048576K
}
Event: 25.291 GC heap before
{Heap before GC invocations=35 (full 2):
 PSYoungGen      total 22528K, used 22078K [0x00000000d5580000, 0x00000000d6f00000, 0x0000000100000000)
  eden space 19968K, 100% used [0x00000000d5580000,0x00000000d6900000,0x00000000d6900000)
  from space 2560K, 82% used [0x00000000d6c80000,0x00000000d6e8f8b8,0x00000000d6f00000)
  to   space 2560K, 0% used [0x00000000d6900000,0x00000000d6900000,0x00000000d6b80000)
 ParOldGen       total 68608K, used 62530K [0x0000000080000000, 0x0000000084300000, 0x00000000d5580000)
  object space 68608K, 91% used [0x0000000080000000,0x0000000083d10940,0x0000000084300000)
 Metaspace       used 56871K, committed 58304K, reserved 1114112K
  class space    used 6103K, committed 6784K, reserved 1048576K
}
Event: 25.294 GC heap after
{Heap after GC invocations=35 (full 2):
 PSYoungGen      total 22528K, used 2040K [0x00000000d5580000, 0x00000000d6e00000, 0x0000000100000000)
  eden space 19968K, 0% used [0x00000000d5580000,0x00000000d5580000,0x00000000d6900000)
  from space 2560K, 79% used [0x00000000d6900000,0x00000000d6afe308,0x00000000d6b80000)
  to   space 2560K, 0% used [0x00000000d6b80000,0x00000000d6b80000,0x00000000d6e00000)
 ParOldGen       total 68608K, used 64255K [0x0000000080000000, 0x0000000084300000, 0x00000000d5580000)
  object space 68608K, 93% used [0x0000000080000000,0x0000000083ebfef0,0x0000000084300000)
 Metaspace       used 56871K, committed 58304K, reserved 1114112K
  class space    used 6103K, committed 6784K, reserved 1048576K
}
Event: 26.482 GC heap before
{Heap before GC invocations=36 (full 2):
 PSYoungGen      total 22528K, used 22008K [0x00000000d5580000, 0x00000000d6e00000, 0x0000000100000000)
  eden space 19968K, 100% used [0x00000000d5580000,0x00000000d6900000,0x00000000d6900000)
  from space 2560K, 79% used [0x00000000d6900000,0x00000000d6afe308,0x00000000d6b80000)
  to   space 2560K, 0% used [0x00000000d6b80000,0x00000000d6b80000,0x00000000d6e00000)
 ParOldGen       total 68608K, used 64255K [0x0000000080000000, 0x0000000084300000, 0x00000000d5580000)
  object space 68608K, 93% used [0x0000000080000000,0x0000000083ebfef0,0x0000000084300000)
 Metaspace       used 57856K, committed 59328K, reserved 1114112K
  class space    used 6153K, committed 6848K, reserved 1048576K
}
Event: 27.500 GC heap after
{Heap after GC invocations=36 (full 2):
 PSYoungGen      total 17408K, used 2528K [0x00000000d5580000, 0x00000000d7800000, 0x0000000100000000)
  eden space 14848K, 0% used [0x00000000d5580000,0x00000000d5580000,0x00000000d6400000)
  from space 2560K, 98% used [0x00000000d6b80000,0x00000000d6df8398,0x00000000d6e00000)
  to   space 7680K, 0% used [0x00000000d6400000,0x00000000d6400000,0x00000000d6b80000)
 ParOldGen       total 68608K, used 68215K [0x0000000080000000, 0x0000000084300000, 0x00000000d5580000)
  object space 68608K, 99% used [0x0000000080000000,0x000000008429df98,0x0000000084300000)
 Metaspace       used 57856K, committed 59328K, reserved 1114112K
  class space    used 6153K, committed 6848K, reserved 1048576K
}
Event: 35.592 GC heap before
{Heap before GC invocations=37 (full 2):
 PSYoungGen      total 17408K, used 17376K [0x00000000d5580000, 0x00000000d7800000, 0x0000000100000000)
  eden space 14848K, 100% used [0x00000000d5580000,0x00000000d6400000,0x00000000d6400000)
  from space 2560K, 98% used [0x00000000d6b80000,0x00000000d6df8398,0x00000000d6e00000)
  to   space 7680K, 0% used [0x00000000d6400000,0x00000000d6400000,0x00000000d6b80000)
 ParOldGen       total 68608K, used 68215K [0x0000000080000000, 0x0000000084300000, 0x00000000d5580000)
  object space 68608K, 99% used [0x0000000080000000,0x000000008429df98,0x0000000084300000)
 Metaspace       used 57949K, committed 59392K, reserved 1114112K
  class space    used 6155K, committed 6848K, reserved 1048576K
}
Event: 35.598 GC heap after
{Heap after GC invocations=37 (full 2):
 PSYoungGen      total 19968K, used 5054K [0x00000000d5580000, 0x00000000d6f00000, 0x0000000100000000)
  eden space 14848K, 0% used [0x00000000d5580000,0x00000000d5580000,0x00000000d6400000)
  from space 5120K, 98% used [0x00000000d6400000,0x00000000d68ef9e8,0x00000000d6900000)
  to   space 5632K, 0% used [0x00000000d6980000,0x00000000d6980000,0x00000000d6f00000)
 ParOldGen       total 71168K, used 70795K [0x0000000080000000, 0x0000000084580000, 0x00000000d5580000)
  object space 71168K, 99% used [0x0000000080000000,0x0000000084522e70,0x0000000084580000)
 Metaspace       used 57949K, committed 59392K, reserved 1114112K
  class space    used 6155K, committed 6848K, reserved 1048576K
}

Dll operation events (10 events):
Event: 0.006 Loaded shared library c:\Users\fpt\.vscode\extensions\redhat.java-1.55.0-win32-x64\jre\21.0.11-win32-x86_64\bin\java.dll
Event: 0.052 Loaded shared library c:\Users\fpt\.vscode\extensions\redhat.java-1.55.0-win32-x64\jre\21.0.11-win32-x86_64\bin\zip.dll
Event: 0.062 Loaded shared library C:\Users\fpt\.vscode\extensions\redhat.java-1.55.0-win32-x64\jre\21.0.11-win32-x86_64\bin\instrument.dll
Event: 0.064 Loaded shared library C:\Users\fpt\.vscode\extensions\redhat.java-1.55.0-win32-x64\jre\21.0.11-win32-x86_64\bin\net.dll
Event: 0.065 Loaded shared library C:\Users\fpt\.vscode\extensions\redhat.java-1.55.0-win32-x64\jre\21.0.11-win32-x86_64\bin\nio.dll
Event: 0.067 Loaded shared library C:\Users\fpt\.vscode\extensions\redhat.java-1.55.0-win32-x64\jre\21.0.11-win32-x86_64\bin\zip.dll
Event: 0.076 Loaded shared library C:\Users\fpt\.vscode\extensions\redhat.java-1.55.0-win32-x64\jre\21.0.11-win32-x86_64\bin\jimage.dll
Event: 0.115 Loaded shared library c:\Users\fpt\.vscode\extensions\redhat.java-1.55.0-win32-x64\jre\21.0.11-win32-x86_64\bin\verify.dll
Event: 0.705 Loaded shared library C:\Users\fpt\AppData\Roaming\Code\User\globalStorage\redhat.java\1.55.0\config_win\org.eclipse.equinox.launcher\org.eclipse.equinox.launcher.win32.win32.x86_64_1.3.100.v20260613-0559\eclipse_11924.dll
Event: 4.129 Loaded shared library C:\Users\fpt\AppData\Local\Temp\jna-101610\jna10682231619290012637.dll

Deoptimization events (20 events):
Event: 35.644 Thread 0x0000014e70f6f440 Uncommon trap: trap_request=0xffffffde fr.pc=0x0000014e5d2fb40c relative=0x000000000000024c
Event: 35.644 Thread 0x0000014e70f6f440 Uncommon trap: reason=class_check action=maybe_recompile pc=0x0000014e5d2fb40c method=java.util.Collections$UnmodifiableMap$UnmodifiableEntrySet$1.next()Ljava/util/Map$Entry; @ 8 c2
Event: 35.644 Thread 0x0000014e70f6f440 DEOPT PACKING pc=0x0000014e5d2fb40c sp=0x00000018245fe0b0
Event: 35.644 Thread 0x0000014e70f6f440 DEOPT UNPACKING pc=0x0000014e5c693aa2 sp=0x00000018245fe000 mode 2
Event: 35.644 Thread 0x0000014e70f6f440 Uncommon trap: trap_request=0xffffffde fr.pc=0x0000014e5d2faf18 relative=0x0000000000000078
Event: 35.644 Thread 0x0000014e70f6f440 Uncommon trap: reason=class_check action=maybe_recompile pc=0x0000014e5d2faf18 method=java.util.Collections$UnmodifiableMap$UnmodifiableEntrySet$UnmodifiableEntry.getKey()Ljava/lang/Object; @ 4 c2
Event: 35.644 Thread 0x0000014e70f6f440 DEOPT PACKING pc=0x0000014e5d2faf18 sp=0x00000018245fe0e0
Event: 35.644 Thread 0x0000014e70f6f440 DEOPT UNPACKING pc=0x0000014e5c693aa2 sp=0x00000018245fe070 mode 2
Event: 35.644 Thread 0x0000014e70f6f440 Uncommon trap: trap_request=0xffffffde fr.pc=0x0000014e5d2f9e18 relative=0x0000000000000078
Event: 35.644 Thread 0x0000014e70f6f440 Uncommon trap: reason=class_check action=maybe_recompile pc=0x0000014e5d2f9e18 method=java.util.Collections$UnmodifiableMap$UnmodifiableEntrySet$1.hasNext()Z @ 4 c2
Event: 35.644 Thread 0x0000014e70f6f440 DEOPT PACKING pc=0x0000014e5d2f9e18 sp=0x00000018245fe0e0
Event: 35.644 Thread 0x0000014e70f6f440 DEOPT UNPACKING pc=0x0000014e5c693aa2 sp=0x00000018245fe070 mode 2
Event: 35.644 Thread 0x0000014e70f6f440 Uncommon trap: trap_request=0xffffffde fr.pc=0x0000014e5d2f9e18 relative=0x0000000000000078
Event: 35.644 Thread 0x0000014e70f6f440 Uncommon trap: reason=class_check action=maybe_recompile pc=0x0000014e5d2f9e18 method=java.util.Collections$UnmodifiableMap$UnmodifiableEntrySet$1.hasNext()Z @ 4 c2
Event: 35.644 Thread 0x0000014e70f6f440 DEOPT PACKING pc=0x0000014e5d2f9e18 sp=0x00000018245fe0e0
Event: 35.644 Thread 0x0000014e70f6f440 DEOPT UNPACKING pc=0x0000014e5c693aa2 sp=0x00000018245fe070 mode 2
Event: 35.687 Thread 0x0000014e70f6f440 Uncommon trap: trap_request=0xffffff45 fr.pc=0x0000014e5d05353c relative=0x000000000000253c
Event: 35.687 Thread 0x0000014e70f6f440 Uncommon trap: reason=unstable_if action=reinterpret pc=0x0000014e5d05353c method=sun.nio.cs.StreamDecoder.implRead([CII)I @ 36 c2
Event: 35.687 Thread 0x0000014e70f6f440 DEOPT PACKING pc=0x0000014e5d05353c sp=0x00000018245fdf40
Event: 35.687 Thread 0x0000014e70f6f440 DEOPT UNPACKING pc=0x0000014e5c693aa2 sp=0x00000018245fdd38 mode 2

Classes loaded (20 events):
Event: 25.236 Loading class sun/nio/ch/ChannelOutputStream
Event: 25.236 Loading class sun/nio/ch/ChannelOutputStream done
Event: 25.544 Loading class java/util/stream/ReferencePipeline$4
Event: 25.544 Loading class java/util/stream/ReferencePipeline$4 done
Event: 25.545 Loading class java/util/stream/Nodes$IntFixedNodeBuilder
Event: 25.545 Loading class java/util/stream/Node$Builder$OfInt
Event: 25.545 Loading class java/util/stream/Node$Builder$OfInt done
Event: 25.545 Loading class java/util/stream/Nodes$IntArrayNode
Event: 25.545 Loading class java/util/stream/Nodes$IntArrayNode done
Event: 25.545 Loading class java/util/stream/Nodes$IntFixedNodeBuilder done
Event: 25.546 Loading class java/util/stream/ReferencePipeline$4$1
Event: 25.546 Loading class java/util/stream/ReferencePipeline$4$1 done
Event: 31.748 Loading class sun/nio/cs/ISO_8859_1$Encoder
Event: 31.748 Loading class sun/nio/cs/ISO_8859_1$Encoder done
Event: 31.748 Loading class sun/nio/cs/Surrogate$Parser
Event: 31.748 Loading class sun/nio/cs/Surrogate$Parser done
Event: 31.748 Loading class sun/nio/cs/Surrogate
Event: 31.748 Loading class sun/nio/cs/Surrogate done
Event: 35.644 Loading class jdk/internal/module/IllegalAccessLogger
Event: 35.644 Loading class jdk/internal/module/IllegalAccessLogger done

Classes unloaded (7 events):
Event: 4.963 Thread 0x0000014e51f84280 Unloading class 0x0000014e011aac00 'java/lang/invoke/LambdaForm$MH+0x0000014e011aac00'
Event: 4.963 Thread 0x0000014e51f84280 Unloading class 0x0000014e011aa800 'java/lang/invoke/LambdaForm$MH+0x0000014e011aa800'
Event: 4.963 Thread 0x0000014e51f84280 Unloading class 0x0000014e011aa400 'java/lang/invoke/LambdaForm$MH+0x0000014e011aa400'
Event: 4.963 Thread 0x0000014e51f84280 Unloading class 0x0000014e011aa000 'java/lang/invoke/LambdaForm$MH+0x0000014e011aa000'
Event: 4.963 Thread 0x0000014e51f84280 Unloading class 0x0000014e011a9c00 'java/lang/invoke/LambdaForm$BMH+0x0000014e011a9c00'
Event: 4.963 Thread 0x0000014e51f84280 Unloading class 0x0000014e011a9800 'java/lang/invoke/LambdaForm$DMH+0x0000014e011a9800'
Event: 4.963 Thread 0x0000014e51f84280 Unloading class 0x0000014e011a8400 'java/lang/invoke/LambdaForm$DMH+0x0000014e011a8400'

Classes redefined (0 events):
No events

Internal exceptions (20 events):
Event: 25.548 Thread 0x0000014e74274920 Exception <a 'java/lang/NullPointerException'{0x00000000d5f997f8}> (0x00000000d5f997f8) 
thrown [s\src\hotspot\share\interpreter\linkResolver.cpp, line 1372]
Event: 25.548 Thread 0x0000014e74274920 Exception <a 'java/lang/NullPointerException'{0x00000000d5f99d00}> (0x00000000d5f99d00) 
thrown [s\src\hotspot\share\interpreter\linkResolver.cpp, line 1372]
Event: 25.548 Thread 0x0000014e74274920 Exception <a 'java/lang/NullPointerException'{0x00000000d5f9a5a8}> (0x00000000d5f9a5a8) 
thrown [s\src\hotspot\share\interpreter\linkResolver.cpp, line 1372]
Event: 25.548 Thread 0x0000014e74274920 Exception <a 'java/lang/NullPointerException'{0x00000000d5f9b228}> (0x00000000d5f9b228) 
thrown [s\src\hotspot\share\interpreter\linkResolver.cpp, line 1372]
Event: 25.549 Thread 0x0000014e74274920 Exception <a 'java/lang/NullPointerException'{0x00000000d5f9bc08}> (0x00000000d5f9bc08) 
thrown [s\src\hotspot\share\interpreter\linkResolver.cpp, line 1372]
Event: 25.549 Thread 0x0000014e74274920 Exception <a 'java/lang/NullPointerException'{0x00000000d5f9c1a0}> (0x00000000d5f9c1a0) 
thrown [s\src\hotspot\share\interpreter\linkResolver.cpp, line 1372]
Event: 25.549 Thread 0x0000014e74274920 Exception <a 'java/lang/NullPointerException'{0x00000000d5f9c6a0}> (0x00000000d5f9c6a0) 
thrown [s\src\hotspot\share\interpreter\linkResolver.cpp, line 1372]
Event: 25.549 Thread 0x0000014e74274920 Exception <a 'java/lang/NullPointerException'{0x00000000d5f9cf48}> (0x00000000d5f9cf48) 
thrown [s\src\hotspot\share\interpreter\linkResolver.cpp, line 1372]
Event: 25.575 Thread 0x0000014e74274920 Exception <a 'java/lang/NullPointerException'{0x00000000d603fa28}> (0x00000000d603fa28) 
thrown [s\src\hotspot\share\interpreter\linkResolver.cpp, line 1372]
Event: 25.589 Thread 0x0000014e74274920 Exception <a 'java/lang/NullPointerException'{0x00000000d6083cf0}> (0x00000000d6083cf0) 
thrown [s\src\hotspot\share\interpreter\linkResolver.cpp, line 1372]
Event: 25.589 Thread 0x0000014e74274920 Exception <a 'java/lang/NullPointerException'{0x00000000d6085748}> (0x00000000d6085748) 
thrown [s\src\hotspot\share\interpreter\linkResolver.cpp, line 1372]
Event: 25.590 Thread 0x0000014e74274920 Exception <a 'java/lang/NullPointerException'{0x00000000d60875f0}> (0x00000000d60875f0) 
thrown [s\src\hotspot\share\interpreter\linkResolver.cpp, line 1372]
Event: 25.608 Thread 0x0000014e74274920 Exception <a 'java/lang/NullPointerException'{0x00000000d6136f98}> (0x00000000d6136f98) 
thrown [s\src\hotspot\share\interpreter\linkResolver.cpp, line 1372]
Event: 25.609 Thread 0x0000014e74274920 Exception <a 'java/lang/NullPointerException'{0x00000000d6137e98}> (0x00000000d6137e98) 
thrown [s\src\hotspot\share\interpreter\linkResolver.cpp, line 1372]
Event: 25.611 Thread 0x0000014e74274920 Exception <a 'java/lang/NullPointerException'{0x00000000d613a9d0}> (0x00000000d613a9d0) 
thrown [s\src\hotspot\share\interpreter\linkResolver.cpp, line 1372]
Event: 25.727 Thread 0x0000014e70f6f440 Exception <a 'sun/nio/fs/WindowsException'{0x00000000d6590ef0}> (0x00000000d6590ef0) 
thrown [s\src\hotspot\share\prims\jni.cpp, line 520]
Event: 25.727 Thread 0x0000014e7e177210 Exception <a 'sun/nio/fs/WindowsException'{0x00000000d65bc480}> (0x00000000d65bc480) 
thrown [s\src\hotspot\share\prims\jni.cpp, line 520]
Event: 25.728 Thread 0x0000014e7e177210 Exception <a 'sun/nio/fs/WindowsException'{0x00000000d65bd198}> (0x00000000d65bd198) 
thrown [s\src\hotspot\share\prims\jni.cpp, line 520]
Event: 35.656 Thread 0x0000014e70f6f440 Exception <a 'sun/nio/fs/WindowsException'{0x00000000d5783fd8}> (0x00000000d5783fd8) 
thrown [s\src\hotspot\share\prims\jni.cpp, line 520]
Event: 35.656 Thread 0x0000014e70f6f440 Exception <a 'sun/nio/fs/WindowsException'{0x00000000d5784628}> (0x00000000d5784628) 
thrown [s\src\hotspot\share\prims\jni.cpp, line 520]

ZGC Phase Switch (0 events):
No events

VM Operations (20 events):
Event: 25.429 Executing non-safepoint VM operation: HandshakeAllThreads (Deoptimize) done
Event: 25.552 Executing safepoint VM operation: ICBufferFull
Event: 25.552 Executing safepoint VM operation: ICBufferFull done
Event: 25.622 Executing non-safepoint VM operation: HandshakeAllThreads (Deoptimize)
Event: 25.622 Executing non-safepoint VM operation: HandshakeAllThreads (Deoptimize) done
Event: 25.716 Executing safepoint VM operation: ICBufferFull
Event: 25.716 Executing safepoint VM operation: ICBufferFull done
Event: 26.482 Executing safepoint VM operation: ParallelGCFailedAllocation (Allocation Failure)
Event: 27.500 Executing safepoint VM operation: ParallelGCFailedAllocation (Allocation Failure) done
Event: 28.514 Executing safepoint VM operation: Cleanup
Event: 28.514 Executing safepoint VM operation: Cleanup done
Event: 31.552 Executing safepoint VM operation: Cleanup
Event: 31.708 Executing safepoint VM operation: Cleanup done
Event: 32.720 Executing safepoint VM operation: Cleanup
Event: 32.782 Executing safepoint VM operation: Cleanup done
Event: 34.796 Executing safepoint VM operation: Cleanup
Event: 34.796 Executing safepoint VM operation: Cleanup done
Event: 35.592 Executing safepoint VM operation: ParallelGCFailedAllocation (Allocation Failure)
Event: 35.598 Executing safepoint VM operation: ParallelGCFailedAllocation (Allocation Failure) done
Event: 36.613 Executing safepoint VM operation: Cleanup

Memory protections (0 events):
No events

Nmethod flushes (20 events):
Event: 7.264 Thread 0x0000014e51f84280 flushing  nmethod 0x0000014e558b8f90
Event: 7.264 Thread 0x0000014e51f84280 flushing  nmethod 0x0000014e558eda90
Event: 7.264 Thread 0x0000014e51f84280 flushing  nmethod 0x0000014e558eff10
Event: 7.264 Thread 0x0000014e51f84280 flushing  nmethod 0x0000014e558f0810
Event: 7.264 Thread 0x0000014e51f84280 flushing  nmethod 0x0000014e558f1a10
Event: 7.264 Thread 0x0000014e51f84280 flushing  nmethod 0x0000014e558f2210
Event: 7.264 Thread 0x0000014e51f84280 flushing  nmethod 0x0000014e558f3f10
Event: 7.264 Thread 0x0000014e51f84280 flushing  nmethod 0x0000014e558f4410
Event: 7.264 Thread 0x0000014e51f84280 flushing  nmethod 0x0000014e558f4910
Event: 7.264 Thread 0x0000014e51f84280 flushing  nmethod 0x0000014e558f4d10
Event: 7.264 Thread 0x0000014e51f84280 flushing  nmethod 0x0000014e558f5590
Event: 7.264 Thread 0x0000014e51f84280 flushing  nmethod 0x0000014e558f6110
Event: 7.264 Thread 0x0000014e51f84280 flushing  nmethod 0x0000014e558f7b90
Event: 7.264 Thread 0x0000014e51f84280 flushing  nmethod 0x0000014e558f9e90
Event: 7.264 Thread 0x0000014e51f84280 flushing  nmethod 0x0000014e55956a90
Event: 7.264 Thread 0x0000014e51f84280 flushing  nmethod 0x0000014e55959e90
Event: 7.264 Thread 0x0000014e51f84280 flushing  nmethod 0x0000014e5595d910
Event: 7.264 Thread 0x0000014e51f84280 flushing  nmethod 0x0000014e55963d90
Event: 7.264 Thread 0x0000014e51f84280 flushing  nmethod 0x0000014e55a09590
Event: 7.264 Thread 0x0000014e51f84280 flushing  nmethod 0x0000014e55a09a10

Events (20 events):
Event: 26.469 Thread 0x0000014e74350b00 Thread exited: 0x0000014e74350b00
Event: 26.470 Thread 0x0000014e743533e0 Thread exited: 0x0000014e743533e0
Event: 26.475 Thread 0x0000014e6a15d200 Thread exited: 0x0000014e6a15d200
Event: 27.501 Thread 0x0000014e6a15d8d0 Thread exited: 0x0000014e6a15d8d0
Event: 29.418 Thread 0x0000014e6a15c460 Thread exited: 0x0000014e6a15c460
Event: 30.611 Thread 0x0000014e69ff4a30 Thread added: 0x0000014e74350b00
Event: 30.614 Thread 0x0000014e69ff4a30 Thread added: 0x0000014e74353ab0
Event: 30.615 Thread 0x0000014e69ff4a30 Thread added: 0x0000014e743533e0
Event: 31.708 Thread 0x0000014e74350b00 Thread added: 0x0000014e74354180
Event: 31.708 Thread 0x0000014e74350b00 Thread added: 0x0000014e74354850
Event: 31.709 Thread 0x0000014e74350b00 Thread added: 0x0000014e743511d0
Event: 31.709 Thread 0x0000014e74350b00 Thread added: 0x0000014e74354f20
Event: 31.977 Thread 0x0000014e74354f20 Thread exited: 0x0000014e74354f20
Event: 32.782 Thread 0x0000014e743511d0 Thread exited: 0x0000014e743511d0
Event: 32.782 Thread 0x0000014e74354850 Thread exited: 0x0000014e74354850
Event: 33.886 Thread 0x0000014e74354180 Thread exited: 0x0000014e74354180
Event: 33.886 Thread 0x0000014e74353ab0 Thread exited: 0x0000014e74353ab0
Event: 34.002 Thread 0x0000014e743533e0 Thread exited: 0x0000014e743533e0
Event: 35.587 Thread 0x0000014e74350b00 Thread added: 0x0000014e743533e0
Event: 35.697 Thread 0x0000014e74350b00 Thread added: 0x0000014e74353ab0


Dynamic libraries:
0x00007ff7d7c40000 - 0x00007ff7d7c4e000 	c:\Users\fpt\.vscode\extensions\redhat.java-1.55.0-win32-x64\jre\21.0.11-win32-x86_64\bin\java.exe
0x00007ffde2fc0000 - 0x00007ffde3226000 	C:\WINDOWS\SYSTEM32\ntdll.dll
0x00007ffde1ea0000 - 0x00007ffde1f69000 	C:\WINDOWS\System32\KERNEL32.DLL
0x00007ffde05a0000 - 0x00007ffde09a0000 	C:\WINDOWS\System32\KERNELBASE.dll
0x00007ffde09b0000 - 0x00007ffde0afc000 	C:\WINDOWS\System32\ucrtbase.dll
0x00007ffdd4610000 - 0x00007ffdd462e000 	c:\Users\fpt\.vscode\extensions\redhat.java-1.55.0-win32-x64\jre\21.0.11-win32-x86_64\bin\VCRUNTIME140.dll
0x00007ffdc37c0000 - 0x00007ffdc37d8000 	c:\Users\fpt\.vscode\extensions\redhat.java-1.55.0-win32-x64\jre\21.0.11-win32-x86_64\bin\jli.dll
0x00007ffde2db0000 - 0x00007ffde2f77000 	C:\WINDOWS\System32\USER32.dll
0x00007ffdc42c0000 - 0x00007ffdc4552000 	C:\WINDOWS\WinSxS\amd64_microsoft.windows.common-controls_6595b64144ccf1df_6.0.26100.8737_none_3e092eaee333b772\COMCTL32.dll
0x00007ffde01e0000 - 0x00007ffde0207000 	C:\WINDOWS\System32\win32u.dll
0x00007ffde14f0000 - 0x00007ffde1599000 	C:\WINDOWS\System32\msvcrt.dll
0x00007ffde1f70000 - 0x00007ffde1f9b000 	C:\WINDOWS\System32\GDI32.dll
0x00007ffde0bc0000 - 0x00007ffde0ce9000 	C:\WINDOWS\System32\gdi32full.dll
0x00007ffde0b10000 - 0x00007ffde0bb3000 	C:\WINDOWS\System32\msvcp_win.dll
0x00007ffde2890000 - 0x00007ffde28c2000 	C:\WINDOWS\System32\IMM32.DLL
0x00007ffdc8ee0000 - 0x00007ffdc8eec000 	c:\Users\fpt\.vscode\extensions\redhat.java-1.55.0-win32-x64\jre\21.0.11-win32-x86_64\bin\vcruntime140_1.dll
0x00007ffd6baa0000 - 0x00007ffd6bb2d000 	c:\Users\fpt\.vscode\extensions\redhat.java-1.55.0-win32-x64\jre\21.0.11-win32-x86_64\bin\msvcp140.dll
0x00007ffcdb0c0000 - 0x00007ffcdbe62000 	c:\Users\fpt\.vscode\extensions\redhat.java-1.55.0-win32-x64\jre\21.0.11-win32-x86_64\bin\server\jvm.dll
0x00007ffde1fa0000 - 0x00007ffde2057000 	C:\WINDOWS\System32\ADVAPI32.dll
0x00007ffde16c0000 - 0x00007ffde176a000 	C:\WINDOWS\System32\sechost.dll
0x00007ffde1770000 - 0x00007ffde1888000 	C:\WINDOWS\System32\RPCRT4.dll
0x00007ffde2800000 - 0x00007ffde2880000 	C:\WINDOWS\System32\WS2_32.dll
0x00007ffdce6f0000 - 0x00007ffdce726000 	C:\WINDOWS\SYSTEM32\WINMM.dll
0x00007ffddfdb0000 - 0x00007ffddfe0e000 	C:\WINDOWS\SYSTEM32\POWRPROF.dll
0x00007ffdd83c0000 - 0x00007ffdd83cb000 	C:\WINDOWS\SYSTEM32\VERSION.dll
0x00007ffddfb80000 - 0x00007ffddfb94000 	C:\WINDOWS\SYSTEM32\UMPDC.dll
0x00007ffddee80000 - 0x00007ffddee9b000 	C:\WINDOWS\SYSTEM32\kernel.appcore.dll
0x00007ffdc68a0000 - 0x00007ffdc68aa000 	c:\Users\fpt\.vscode\extensions\redhat.java-1.55.0-win32-x64\jre\21.0.11-win32-x86_64\bin\jimage.dll
0x00007ffddd6f0000 - 0x00007ffddd932000 	C:\WINDOWS\SYSTEM32\DBGHELP.DLL
0x00007ffde1b10000 - 0x00007ffde1e93000 	C:\WINDOWS\System32\combase.dll
0x00007ffde1890000 - 0x00007ffde1969000 	C:\WINDOWS\System32\OLEAUT32.dll
0x00007ffdc1eb0000 - 0x00007ffdc1eeb000 	C:\WINDOWS\SYSTEM32\dbgcore.DLL
0x00007ffde0360000 - 0x00007ffde040c000 	C:\WINDOWS\System32\bcryptPrimitives.dll
0x00007ffdd8a70000 - 0x00007ffdd8a7f000 	c:\Users\fpt\.vscode\extensions\redhat.java-1.55.0-win32-x64\jre\21.0.11-win32-x86_64\bin\instrument.dll
0x00007ffd96a80000 - 0x00007ffd96aa0000 	c:\Users\fpt\.vscode\extensions\redhat.java-1.55.0-win32-x64\jre\21.0.11-win32-x86_64\bin\java.dll
0x00007ffde2060000 - 0x00007ffde27f2000 	C:\WINDOWS\System32\SHELL32.dll
0x00007ffdddc60000 - 0x00007ffdde4f2000 	C:\WINDOWS\SYSTEM32\windows.storage.dll
0x00007ffde0d70000 - 0x00007ffde0e67000 	C:\WINDOWS\System32\SHCORE.dll
0x00007ffde2aa0000 - 0x00007ffde2b07000 	C:\WINDOWS\System32\shlwapi.dll
0x00007ffde0100000 - 0x00007ffde0129000 	C:\WINDOWS\SYSTEM32\profapi.dll
0x00007ffd93a00000 - 0x00007ffd93a18000 	c:\Users\fpt\.vscode\extensions\redhat.java-1.55.0-win32-x64\jre\21.0.11-win32-x86_64\bin\zip.dll
0x00007ffda5b10000 - 0x00007ffda5b20000 	C:\Users\fpt\.vscode\extensions\redhat.java-1.55.0-win32-x64\jre\21.0.11-win32-x86_64\bin\net.dll
0x00007ffdd7660000 - 0x00007ffdd7789000 	C:\WINDOWS\SYSTEM32\WINHTTP.dll
0x00007ffddf410000 - 0x00007ffddf47c000 	C:\WINDOWS\system32\mswsock.dll
0x00007ffd938e0000 - 0x00007ffd938f6000 	C:\Users\fpt\.vscode\extensions\redhat.java-1.55.0-win32-x64\jre\21.0.11-win32-x86_64\bin\nio.dll
0x00007ffd9d490000 - 0x00007ffd9d4a0000 	c:\Users\fpt\.vscode\extensions\redhat.java-1.55.0-win32-x64\jre\21.0.11-win32-x86_64\bin\verify.dll
0x00007ffdd65a0000 - 0x00007ffdd65e5000 	C:\Users\fpt\AppData\Roaming\Code\User\globalStorage\redhat.java\1.55.0\config_win\org.eclipse.equinox.launcher\org.eclipse.equinox.launcher.win32.win32.x86_64_1.3.100.v20260613-0559\eclipse_11924.dll
0x00007ffde28f0000 - 0x00007ffde2a89000 	C:\WINDOWS\System32\ole32.dll
0x00007ffddf840000 - 0x00007ffddf85b000 	C:\WINDOWS\SYSTEM32\CRYPTSP.dll
0x00007ffddede0000 - 0x00007ffddee19000 	C:\WINDOWS\system32\rsaenh.dll
0x00007ffddf4d0000 - 0x00007ffddf502000 	C:\WINDOWS\SYSTEM32\USERENV.dll
0x00007ffde00d0000 - 0x00007ffde00fa000 	C:\WINDOWS\SYSTEM32\bcrypt.dll
0x00007ffddf680000 - 0x00007ffddf68c000 	C:\WINDOWS\SYSTEM32\CRYPTBASE.dll
0x00007ffdde830000 - 0x00007ffdde863000 	C:\WINDOWS\SYSTEM32\IPHLPAPI.DLL
0x00007ffde14e0000 - 0x00007ffde14ea000 	C:\WINDOWS\System32\NSI.dll
0x00007ffdd64a0000 - 0x00007ffdd64e9000 	C:\Users\fpt\AppData\Local\Temp\jna-101610\jna10682231619290012637.dll
0x00007ffde2a90000 - 0x00007ffde2a98000 	C:\WINDOWS\System32\PSAPI.DLL
0x00007ffdd7c70000 - 0x00007ffdd7c8d000 	C:\WINDOWS\SYSTEM32\dhcpcsvc6.DLL
0x00007ffdd7630000 - 0x00007ffdd7655000 	C:\WINDOWS\SYSTEM32\dhcpcsvc.DLL

JVMTI agents:
c:\Users\fpt\.vscode\extensions\redhat.java-1.55.0-win32-x64\lombok\lombok-1.18.39-4050.jar path:c:\Users\fpt\.vscode\extensions\redhat.java-1.55.0-win32-x64\jre\21.0.11-win32-x86_64\bin\instrument.dll, loaded, initialized, instrumentlib options:none

dbghelp: loaded successfully - version: 4.0.5 - missing functions: none
symbol engine: initialized successfully - sym options: 0x614 - pdb path: .;c:\Users\fpt\.vscode\extensions\redhat.java-1.55.0-win32-x64\jre\21.0.11-win32-x86_64\bin;C:\WINDOWS\SYSTEM32;C:\WINDOWS\WinSxS\amd64_microsoft.windows.common-controls_6595b64144ccf1df_6.0.26100.8737_none_3e092eaee333b772;c:\Users\fpt\.vscode\extensions\redhat.java-1.55.0-win32-x64\jre\21.0.11-win32-x86_64\bin\server;C:\Users\fpt\AppData\Roaming\Code\User\globalStorage\redhat.java\1.55.0\config_win\org.eclipse.equinox.launcher\org.eclipse.equinox.launcher.win32.win32.x86_64_1.3.100.v20260613-0559;C:\Users\fpt\AppData\Local\Temp\jna-101610

VM Arguments:
jvm_args: --add-modules=ALL-SYSTEM --add-opens=java.base/java.util=ALL-UNNAMED --add-opens=java.base/java.lang=ALL-UNNAMED --add-opens=java.base/sun.nio.fs=ALL-UNNAMED -Declipse.application=org.eclipse.jdt.ls.core.id1 -Dosgi.bundles.defaultStartLevel=4 -Declipse.product=org.eclipse.jdt.ls.core.product -Djava.import.generatesMetadataFilesAtProjectRoot=false -DDetectVMInstallationsJob.disabled=true -Dfile.encoding=utf8 -XX:+UseParallelGC -XX:GCTimeRatio=4 -XX:AdaptiveSizePolicyWeight=90 -Dsun.zip.disableMemoryMapping=true -Xmx2G -Xms100m -Xlog:disable -javaagent:c:\Users\fpt\.vscode\extensions\redhat.java-1.55.0-win32-x64\lombok\lombok-1.18.39-4050.jar -XX:+HeapDumpOnOutOfMemoryError -XX:HeapDumpPath=c:\Users\fpt\AppData\Roaming\Code\User\workspaceStorage\8a591da384f6d013b139f9160bd3ef8f\redhat.java -Daether.dependencyCollector.impl=bf 
java_command: c:\Users\fpt\.vscode\extensions\redhat.java-1.55.0-win32-x64\server\plugins\org.eclipse.equinox.launcher_1.7.200.v20260619-2039.jar -configuration c:\Users\fpt\AppData\Roaming\Code\User\globalStorage\redhat.java\1.55.0\config_win -data c:\Users\fpt\AppData\Roaming\Code\User\workspaceStorage\8a591da384f6d013b139f9160bd3ef8f\redhat.java\jdt_ws --pipe=\\.\pipe\lsp-a3ba9376a97a8462729e441f995731dd-sock
java_class_path (initial): c:\Users\fpt\.vscode\extensions\redhat.java-1.55.0-win32-x64\server\plugins\org.eclipse.equinox.launcher_1.7.200.v20260619-2039.jar
Launcher Type: SUN_STANDARD

[Global flags]
    uintx AdaptiveSizePolicyWeight                 = 90                                        {product} {command line}
     intx CICompilerCount                          = 12                                        {product} {ergonomic}
    uintx GCTimeRatio                              = 4                                         {product} {command line}
     bool HeapDumpOnOutOfMemoryError               = true                                   {manageable} {command line}
    ccstr HeapDumpPath                             = c:\Users\fpt\AppData\Roaming\Code\User\workspaceStorage\8a591da384f6d013b139f9160bd3ef8f\redhat.java         {manageable} {command line}
   size_t InitialHeapSize                          = 104857600                                 {product} {command line}
   size_t MaxHeapSize                              = 2147483648                                {product} {command line}
   size_t MaxNewSize                               = 715653120                                 {product} {ergonomic}
   size_t MinHeapDeltaBytes                        = 524288                                    {product} {ergonomic}
   size_t MinHeapSize                              = 104857600                                 {product} {command line}
   size_t NewSize                                  = 34603008                                  {product} {ergonomic}
    uintx NonNMethodCodeHeapSize                   = 7602480                                {pd product} {ergonomic}
    uintx NonProfiledCodeHeapSize                  = 122027880                              {pd product} {ergonomic}
   size_t OldSize                                  = 70254592                                  {product} {ergonomic}
    uintx ProfiledCodeHeapSize                     = 122027880                              {pd product} {ergonomic}
    uintx ReservedCodeCacheSize                    = 251658240                              {pd product} {ergonomic}
     bool SegmentedCodeCache                       = true                                      {product} {ergonomic}
   size_t SoftMaxHeapSize                          = 2147483648                             {manageable} {ergonomic}
     bool UseCompressedOops                        = true                           {product lp64_product} {ergonomic}
     bool UseLargePagesIndividualAllocation        = false                                  {pd product} {ergonomic}
     bool UseParallelGC                            = true                                      {product} {command line}

Logging:
Log output configuration:
 #0: stdout all=off uptime,level,tags foldmultilines=false
 #1: stderr all=off uptime,level,tags foldmultilines=false

Release file:
JAVA_VERSION="21.0.11" 
MODULES="java.base java.compiler java.datatransfer java.xml java.prefs java.desktop java.instrument java.logging java.management java.security.sasl java.naming java.rmi java.management.rmi java.net.http java.scripting java.security.jgss java.transaction.xa java.sql java.sql.rowset java.xml.crypto java.se java.smartcardio jdk.accessibility jdk.internal.jvmstat jdk.attach jdk.charsets jdk.internal.opt jdk.zipfs jdk.compiler jdk.crypto.ec jdk.crypto.cryptoki jdk.crypto.mscapi jdk.dynalink jdk.internal.ed jdk.editpad jdk.hotspot.agent jdk.httpserver jdk.internal.le jdk.internal.vm.ci jdk.internal.vm.compiler jdk.internal.vm.compiler.management jdk.jartool jdk.javadoc jdk.jcmd jdk.management jdk.management.agent jdk.jconsole jdk.jdeps jdk.jdwp.agent jdk.jdi jdk.jfr jdk.jshell jdk.jsobject jdk.jstatd jdk.localedata jdk.management.jfr jdk.naming.dns jdk.naming.rmi jdk.net jdk.nio.mapmode jdk.random jdk.sctp jdk.security.auth jdk.security.jgss jdk.unsupported jdk.unsupported.desktop jdk.xml.dom" 

Environment Variables:
JAVA_HOME=C:\Program Files\Java\jdk-21.0.10
PATH=C:\Program Files\Common Files\Oracle\Java\javapath;C:\Windows\system32;C:\Windows;C:\Windows\System32\Wbem;C:\Windows\System32\WindowsPowerShell\v1.0\;C:\Windows\System32\OpenSSH\;C:\Program Files (x86)\NVIDIA Corporation\PhysX\Common;C:\WINDOWS\system32;C:\WINDOWS;C:\WINDOWS\System32\Wbem;C:\WINDOWS\System32\WindowsPowerShell\v1.0\;C:\WINDOWS\System32\OpenSSH\;C:\Program Files\NVIDIA Corporation\NVIDIA app\NvDLISR;C:\Program Files\Java\jdk-21.0.10\bin;C:\Users\fpt\Downloads\geoserver-2.19.7-bin\bin;C:\Program Files\Git\cmd;C:\Program Files\nodejs\;C:\Program Files\Docker\Docker\resources\bin;C:\Program Files\Redis;C:\Program Files\MySQL\MySQL Shell 8.0\bin\;C:\Users\fpt\AppData\Local\Microsoft\WindowsApps;C:\Users\fpt\AppData\Local\Programs\Microsoft VS Code\bin;C:\Users\fpt\.lmstudio\bin;C:\Users\fpt\AppData\Roaming\npm;C:\Users\fpt\AppData\Local\Programs\Antigravity IDE\bin
USERNAME=fpt
OS=Windows_NT
PROCESSOR_IDENTIFIER=Intel64 Family 6 Model 154 Stepping 3, GenuineIntel
TMP=C:\Users\fpt\AppData\Local\Temp
TEMP=C:\Users\fpt\AppData\Local\Temp




Periodic native trim disabled

---------------  S Y S T E M  ---------------

OS:
 Windows 11 , 64 bit Build 26100 (10.0.26100.8737)
OS uptime: 7 days 5:08 hours
Hyper-V role detected

CPU: total 20 (initial active 20) (10 cores per cpu, 2 threads per core) family 6 model 154 stepping 3 microcode 0x423, cx8, cmov, fxsr, ht, mmx, 3dnowpref, sse, sse2, sse3, ssse3, sse4.1, sse4.2, popcnt, lzcnt, tsc, tscinvbit, avx, avx2, aes, erms, clmul, bmi1, bmi2, adx, sha, fma, vzeroupper, clflush, clflushopt, clwb, hv, serialize, rdtscp, rdpid, fsrm, f16c, cet_ibt, cet_ss
Processor Information for processor 0
  Max Mhz: 2700, Current Mhz: 2700, Mhz Limit: 2700
Processor Information for processor 1
  Max Mhz: 2700, Current Mhz: 2700, Mhz Limit: 2700
Processor Information for processor 2
  Max Mhz: 2700, Current Mhz: 2700, Mhz Limit: 2700
Processor Information for processor 3
  Max Mhz: 2700, Current Mhz: 1489, Mhz Limit: 2700
Processor Information for processor 4
  Max Mhz: 2700, Current Mhz: 2700, Mhz Limit: 2700
Processor Information for processor 5
  Max Mhz: 2700, Current Mhz: 2700, Mhz Limit: 2700
Processor Information for processor 6
  Max Mhz: 2700, Current Mhz: 2700, Mhz Limit: 2700
Processor Information for processor 7
  Max Mhz: 2700, Current Mhz: 2700, Mhz Limit: 2700
Processor Information for processor 8
  Max Mhz: 2700, Current Mhz: 2700, Mhz Limit: 2700
Processor Information for processor 9
  Max Mhz: 2700, Current Mhz: 2700, Mhz Limit: 2700
Processor Information for processor 10
  Max Mhz: 2700, Current Mhz: 2700, Mhz Limit: 2700
Processor Information for processor 11
  Max Mhz: 2700, Current Mhz: 2700, Mhz Limit: 2700
Processor Information for processor 12
  Max Mhz: 2700, Current Mhz: 1995, Mhz Limit: 1971
Processor Information for processor 13
  Max Mhz: 2700, Current Mhz: 1995, Mhz Limit: 1971
Processor Information for processor 14
  Max Mhz: 2700, Current Mhz: 1995, Mhz Limit: 1971
Processor Information for processor 15
  Max Mhz: 2700, Current Mhz: 1995, Mhz Limit: 1971
Processor Information for processor 16
  Max Mhz: 2700, Current Mhz: 1995, Mhz Limit: 1971
Processor Information for processor 17
  Max Mhz: 2700, Current Mhz: 1526, Mhz Limit: 1971
Processor Information for processor 18
  Max Mhz: 2700, Current Mhz: 1526, Mhz Limit: 1971
Processor Information for processor 19
  Max Mhz: 2700, Current Mhz: 1995, Mhz Limit: 1971

Memory: 4k page, system-wide physical 16088M (4258M free)
TotalPageFile size 46973M (AvailPageFile size 24M)
current process WorkingSet (physical memory assigned to process): 294M, peak: 318M
current process commit charge ("private bytes"): 389M, peak: 420M

vm_info: OpenJDK 64-Bit Server VM (21.0.11+10-LTS) for windows-amd64 JRE (21.0.11+10-LTS), built on 2026-04-21T00:00:00Z by "admin" with MS VC++ 17.12 (VS2022)

END.
